{"level":"info","message":"Servidor no ar 8000","timestamp":"2022-05-07T21:10:32.715Z"}
{"level":"info","message":"Conectando ao banco de dados: undefined","timestamp":"2022-05-07T21:15:40.477Z"}
{"level":"info","message":"Conectando ao banco de dados: undefined","timestamp":"2022-05-07T21:16:42.491Z"}
{"level":"info","message":"Conectando ao banco de dados: undefined","timestamp":"2022-05-07T21:18:02.590Z"}
{"level":"info","message":"Conectando ao banco de dados: undefined","timestamp":"2022-05-07T21:18:15.049Z"}
{"level":"info","message":"Conectando ao banco de dados: undefined","timestamp":"2022-05-07T21:20:26.891Z"}
{"level":"info","message":"Conectando ao banco de dados: mongodb://localhost:27017/ecommercedev","timestamp":"2022-05-07T21:23:24.985Z"}
{"level":"info","message":"Servidor no ar 8000","timestamp":"2022-05-07T21:23:25.011Z"}
{"level":"info","message":"Conectando ao banco de dados: mongodb://localhost:27017/ecommercedev","timestamp":"2022-05-07T21:23:32.627Z"}
{"level":"info","message":"Servidor no ar 8000","timestamp":"2022-05-07T21:23:32.654Z"}
{"level":"info","message":"Conectando ao banco de dados: mongodb://localhost:27017/ecommercedev","timestamp":"2022-05-07T21:23:38.876Z"}
{"level":"info","message":"Servidor no ar 8000","timestamp":"2022-05-07T21:23:38.903Z"}
{"level":"info","message":"Conectando ao banco de dados: mongodb://localhost:27017/ecommercedev","timestamp":"2022-05-07T21:30:40.999Z"}
{"level":"info","message":"Servidor no ar 8000","timestamp":"2022-05-07T21:30:41.025Z"}
{"level":"info","message":"Conectando ao banco de dados: mongodb://localhost:27017/ecommercedev","timestamp":"2022-05-07T21:30:52.898Z"}
{"level":"info","message":"Servidor no ar 8000","timestamp":"2022-05-07T21:30:52.925Z"}
{"level":"info","message":"Conectando ao banco de dados: mongodb://localhost:27017/ecommercedev","timestamp":"2022-05-07T21:32:33.794Z"}
{"level":"info","message":"Servidor no ar 8000","timestamp":"2022-05-07T21:32:33.820Z"}
{"level":"info","message":"Conectando ao banco de dados: mongodb://localhost:27017/ecommercedev","timestamp":"2022-05-07T21:33:31.154Z"}
{"level":"info","message":"Servidor no ar 8000","timestamp":"2022-05-07T21:33:31.180Z"}
{"level":"info","message":"Conectando ao banco de dados: mongodb://localhost:27017/ecommercedev","timestamp":"2022-05-07T21:35:07.202Z"}
{"level":"info","message":"Servidor no ar 8000","timestamp":"2022-05-07T21:35:07.231Z"}
{"level":"info","message":"Conectando ao banco de dados: mongodb://localhost:27017/ecommercedev","timestamp":"2022-05-07T21:36:55.067Z"}
{"level":"info","message":"Servidor no ar 8000","timestamp":"2022-05-07T21:36:55.094Z"}
{"level":"info","message":"Conectando ao banco de dados: mongodb://localhost:27017/ecommercedev","timestamp":"2022-05-07T21:36:58.366Z"}
{"level":"info","message":"Servidor no ar 8000","timestamp":"2022-05-07T21:36:58.394Z"}
{"level":"info","message":"Conectando ao banco de dados: mongodb://localhost:27017/ecommercedev","timestamp":"2022-05-07T21:47:14.831Z"}
{"level":"info","message":"Servidor no ar 8000","timestamp":"2022-05-07T21:47:14.860Z"}
{"level":"info","message":"Conectando ao banco de dados: mongodb://localhost:27017/ecommercedev","timestamp":"2022-05-07T21:47:32.109Z"}
{"level":"info","message":"Servidor no ar 8000","timestamp":"2022-05-07T21:47:32.136Z"}
{"level":"info","message":"Conectando ao banco de dados: mongodb://localhost:27017/ecommercedev","timestamp":"2022-05-07T21:47:34.273Z"}
{"level":"info","message":"Servidor no ar 8000","timestamp":"2022-05-07T21:47:34.300Z"}
{"level":"info","message":"Conectando ao banco de dados: mongodb://localhost:27017/ecommercedev","timestamp":"2022-05-07T21:51:27.855Z"}
{"level":"info","message":"Conectando ao banco de dados: mongodb://localhost:27017/ecommercedev","timestamp":"2022-05-07T21:52:02.208Z"}
{"level":"info","message":"Conectando ao banco de dados: mongodb://localhost:27017/ecommercedev","timestamp":"2022-05-07T21:52:03.400Z"}
{"level":"info","message":"Conectando ao banco de dados: mongodb://localhost:27017/ecommercedev","timestamp":"2022-05-07T21:52:08.229Z"}
{"level":"info","message":"Criando rota: index.route.ts","timestamp":"2022-05-07T21:52:08.255Z"}
{"level":"info","message":"Registrando rota: /api/","timestamp":"2022-05-07T21:52:08.270Z"}
{"level":"info","message":"Servidor no ar 8000","timestamp":"2022-05-07T21:52:08.272Z"}
{"level":"info","message":"Conectando ao banco de dados: mongodb://localhost:27017/ecommercedev","timestamp":"2022-05-07T22:47:47.356Z"}
{"level":"info","message":"Criando rota: index.route.ts","timestamp":"2022-05-07T22:47:47.391Z"}
{"level":"info","message":"Criando rota: user.route.ts","timestamp":"2022-05-07T22:47:47.391Z"}
{"level":"info","message":"Registrando rota: /api/","timestamp":"2022-05-07T22:47:47.563Z"}
{"level":"info","message":"Registrando rota: /api/users","timestamp":"2022-05-07T22:47:47.564Z"}
{"level":"info","message":"Servidor no ar 8000","timestamp":"2022-05-07T22:47:47.566Z"}
{"level":"info","message":"Conectando ao banco de dados: mongodb://localhost:27017/ecommercedev","timestamp":"2022-05-07T22:47:52.198Z"}
{"level":"info","message":"Criando rota: index.route.ts","timestamp":"2022-05-07T22:47:52.235Z"}
{"level":"info","message":"Criando rota: user.route.ts","timestamp":"2022-05-07T22:47:52.235Z"}
{"level":"info","message":"Registrando rota: /api/","timestamp":"2022-05-07T22:47:52.243Z"}
{"level":"info","message":"Registrando rota: /api/users","timestamp":"2022-05-07T22:47:52.244Z"}
{"level":"info","message":"Servidor no ar 8000","timestamp":"2022-05-07T22:47:52.246Z"}
{"level":"info","message":"Conectando ao banco de dados: mongodb://localhost:27017/ecommercedev","timestamp":"2022-05-07T22:47:59.919Z"}
{"level":"info","message":"Criando rota: index.route.ts","timestamp":"2022-05-07T22:47:59.947Z"}
{"level":"info","message":"Criando rota: user.route.ts","timestamp":"2022-05-07T22:47:59.947Z"}
{"level":"info","message":"Registrando rota: /api/","timestamp":"2022-05-07T22:48:00.024Z"}
{"level":"info","message":"Registrando rota: /api/users","timestamp":"2022-05-07T22:48:00.025Z"}
{"level":"info","message":"Servidor no ar 8000","timestamp":"2022-05-07T22:48:00.027Z"}
{"level":"error","message":"J치 existe um usu치rio com o e-mail informado","stack":"Error: J치 existe um usu치rio com o e-mail informado\n    at UserService.validate (D:\\Documentos\\VSCode\\Fractals-Ecommerce\\backend\\src\\services\\UserService.ts:66:13)\n    at processTicksAndRejections (internal/process/task_queues.js:95:5)\n    at UserService.create (D:\\Documentos\\VSCode\\Fractals-Ecommerce\\backend\\src\\services\\AbstractService.ts:65:5)\n    at UsersController.create (D:\\Documentos\\VSCode\\Fractals-Ecommerce\\backend\\src\\controllers\\UserController.ts:16:18)","statusCode":422,"timestamp":"2022-05-07T22:49:35.050Z"}
